[debug] [2020-10-26T22:26:00.159Z] ----------------------------------------------------------------------
[debug] [2020-10-26T22:26:00.161Z] Command:       C:\Program Files\nodejs\node.exe C:\Users\matti\AppData\Roaming\npm\node_modules\firebase-tools\lib\bin\firebase.js deploy
[debug] [2020-10-26T22:26:00.162Z] CLI Version:   8.13.1
[debug] [2020-10-26T22:26:00.162Z] Platform:      win32
[debug] [2020-10-26T22:26:00.162Z] Node Version:  v12.18.4
[debug] [2020-10-26T22:26:00.163Z] Time:          Mon Oct 26 2020 19:26:00 GMT-0300 (GMT-03:00)
[debug] [2020-10-26T22:26:00.163Z] ----------------------------------------------------------------------
[debug] [2020-10-26T22:26:00.163Z] 
[debug] [2020-10-26T22:26:00.170Z] > command requires scopes: ["email","openid","https://www.googleapis.com/auth/cloudplatformprojects.readonly","https://www.googleapis.com/auth/firebase","https://www.googleapis.com/auth/cloud-platform"]
[debug] [2020-10-26T22:26:00.171Z] > authorizing via signed-in user
[debug] [2020-10-26T22:26:00.171Z] [iam] checking project volt-motors for permissions ["firebase.projects.get","firebasehosting.sites.update"]
[debug] [2020-10-26T22:26:00.175Z] >>> HTTP REQUEST POST https://cloudresourcemanager.googleapis.com/v1/projects/volt-motors:testIamPermissions  
 {"permissions":["firebase.projects.get","firebasehosting.sites.update"]}
[debug] [2020-10-26T22:26:01.235Z] <<< HTTP RESPONSE 200 {"content-type":"application/json; charset=UTF-8","vary":"X-Origin, Referer, Origin,Accept-Encoding","date":"Mon, 26 Oct 2020 22:26:02 GMT","server":"ESF","cache-control":"private","x-xss-protection":"0","x-frame-options":"SAMEORIGIN","x-content-type-options":"nosniff","server-timing":"gfet4t7; dur=954","alt-svc":"h3-Q050=\":443\"; ma=2592000,h3-29=\":443\"; ma=2592000,h3-T051=\":443\"; ma=2592000,h3-T050=\":443\"; ma=2592000,h3-Q046=\":443\"; ma=2592000,h3-Q043=\":443\"; ma=2592000,quic=\":443\"; ma=2592000; v=\"46,43\"","accept-ranges":"none","transfer-encoding":"chunked"}
[debug] [2020-10-26T22:26:01.237Z] >>> HTTP REQUEST GET https://firebase.googleapis.com/v1beta1/projects/volt-motors  
 
[debug] [2020-10-26T22:26:01.557Z] <<< HTTP RESPONSE 200 {"content-type":"application/json; charset=UTF-8","vary":"X-Origin, Referer, Origin,Accept-Encoding","date":"Mon, 26 Oct 2020 22:26:02 GMT","server":"ESF","cache-control":"private","x-xss-protection":"0","x-frame-options":"SAMEORIGIN","x-content-type-options":"nosniff","alt-svc":"h3-Q050=\":443\"; ma=2592000,h3-29=\":443\"; ma=2592000,h3-T051=\":443\"; ma=2592000,h3-T050=\":443\"; ma=2592000,h3-Q046=\":443\"; ma=2592000,h3-Q043=\":443\"; ma=2592000,quic=\":443\"; ma=2592000; v=\"46,43\"","accept-ranges":"none","transfer-encoding":"chunked"}
[info] 
[info] === Deploying to 'volt-motors'...
[info] 
[info] i  deploying hosting 
[debug] [2020-10-26T22:26:01.564Z] >>> HTTP REQUEST POST https://firebasehosting.googleapis.com/v1beta1/sites/volt-motors/versions  
 {"config":{"rewrites":[{"glob":"**","path":"/index.html"}]},"labels":{"deployment-tool":"cli-firebase"}}
[debug] [2020-10-26T22:26:03.214Z] <<< HTTP RESPONSE 200 {"content-type":"application/json; charset=UTF-8","vary":"X-Origin, Referer, Origin,Accept-Encoding","date":"Mon, 26 Oct 2020 22:26:04 GMT","server":"ESF","cache-control":"private","x-xss-protection":"0","x-frame-options":"SAMEORIGIN","x-content-type-options":"nosniff","alt-svc":"h3-Q050=\":443\"; ma=2592000,h3-29=\":443\"; ma=2592000,h3-T051=\":443\"; ma=2592000,h3-T050=\":443\"; ma=2592000,h3-Q046=\":443\"; ma=2592000,h3-Q043=\":443\"; ma=2592000,quic=\":443\"; ma=2592000; v=\"46,43\"","accept-ranges":"none","transfer-encoding":"chunked"}
[info] i  hosting[volt-motors]: beginning deploy... 
[info] i  hosting[volt-motors]: found 20 files in build 
[debug] [2020-10-26T22:26:03.238Z] [hosting] hash cache [YnVpbGQ] stored for 20 files
[debug] [2020-10-26T22:26:03.238Z] [hosting][hash queue][FINAL] {"max":3,"min":1,"avg":1,"active":0,"complete":20,"success":20,"errored":0,"retried":0,"total":20,"elapsed":4}
[debug] [2020-10-26T22:26:03.238Z] >>> HTTP REQUEST POST https://firebasehosting.googleapis.com/v1beta1/sites/volt-motors/versions/a6a750f1a0977d41:populateFiles  
 <request body omitted>
[debug] [2020-10-26T22:26:04.542Z] <<< HTTP RESPONSE 200 {"content-type":"application/json; charset=UTF-8","vary":"X-Origin, Referer, Origin,Accept-Encoding","date":"Mon, 26 Oct 2020 22:26:05 GMT","server":"ESF","cache-control":"private","x-xss-protection":"0","x-frame-options":"SAMEORIGIN","x-content-type-options":"nosniff","alt-svc":"h3-Q050=\":443\"; ma=2592000,h3-29=\":443\"; ma=2592000,h3-T051=\":443\"; ma=2592000,h3-T050=\":443\"; ma=2592000,h3-Q046=\":443\"; ma=2592000,h3-Q043=\":443\"; ma=2592000,quic=\":443\"; ma=2592000; v=\"46,43\"","accept-ranges":"none","transfer-encoding":"chunked"}
[debug] [2020-10-26T22:26:04.542Z] [hosting][populate queue][FINAL] {"max":1305,"min":1305,"avg":1305,"active":0,"complete":1,"success":1,"errored":0,"retried":0,"total":1,"elapsed":1305}
[debug] [2020-10-26T22:26:04.542Z] [hosting] uploads queued: 0
[debug] [2020-10-26T22:26:04.543Z] [hosting][upload queue][FINAL] {"max":0,"min":9999999999,"avg":0,"active":0,"complete":0,"success":0,"errored":0,"retried":0,"total":0,"elapsed":1603751164543}
[info] +  hosting[volt-motors]: file upload complete 
[debug] [2020-10-26T22:26:04.543Z] [hosting] deploy completed after 1327ms
